# JRE version: OpenJDK Runtime Environment Temurin-21.0.10+7 (21.0.10+7) (build 21.0.10+7-LTS)
# Java VM: OpenJDK 64-Bit Server VM Temurin-21.0.10+7 (21.0.10+7-LTS, mixed mode, sharing, tiered, compressed oops, compressed class ptrs, parallel gc, windows-amd64)
GC Precious Log:
 CardTable entry size: 512
 CPUs: 12 total, 12 available
 Memory: 16108M
 Large Page Support: Disabled
 NUMA Support: Disabled
 Compressed Oops: Enabled (32-bit)
 Alignments: Space 512K, Generation 512K, Heap 2M
 Heap Min Capacity: 100M
 Heap Initial Capacity: 100M
 Heap Max Capacity: 2G
 Pre-touch: Disabled
 Parallel Workers: 10
Heap:
 PSYoungGen      total 20480K, used 6299K [0x00000000d5580000, 0x00000000d6b00000, 0x0000000100000000)
  eden space 18944K, 27% used [0x00000000d5580000,0x00000000d5a7f0e8,0x00000000d6800000)
  from space 1536K, 77% used [0x00000000d6980000,0x00000000d6aa7c18,0x00000000d6b00000)
  to   space 1536K, 0% used [0x00000000d6800000,0x00000000d6800000,0x00000000d6980000)
 ParOldGen       total 68608K, used 49126K [0x0000000080000000, 0x0000000084300000, 0x00000000d5580000)
  object space 68608K, 71% used [0x0000000080000000,0x0000000082ff9ac8,0x0000000084300000)
 Metaspace       used 67591K, committed 69120K, reserved 1114112K
  class space    used 7110K, committed 7808K, reserved 1048576K
GC Heap History (20 events):
Event: 8.868 GC heap before
{Heap before GC invocations=36 (full 3):
 PSYoungGen      total 20992K, used 608K [0x00000000d5580000, 0x00000000d6b80000, 0x0000000100000000)
  eden space 19968K, 0% used [0x00000000d5580000,0x00000000d5580000,0x00000000d6900000)
  from space 1024K, 59% used [0x00000000d6980000,0x00000000d6a18000,0x00000000d6a80000)
  to   space 1024K, 0% used [0x00000000d6a80000,0x00000000d6a80000,0x00000000d6b80000)
 ParOldGen       total 68608K, used 44482K [0x0000000080000000, 0x0000000084300000, 0x00000000d5580000)
  object space 68608K, 64% used [0x0000000080000000,0x0000000082b709b0,0x0000000084300000)
 Metaspace       used 58416K, committed 59776K, reserved 1114112K
  class space    used 6324K, committed 6912K, reserved 1048576K
}
Event: 8.915 GC heap after
{Heap after GC invocations=36 (full 3):
 PSYoungGen      total 20992K, used 0K [0x00000000d5580000, 0x00000000d6b80000, 0x0000000100000000)
  eden space 19968K, 0% used [0x00000000d5580000,0x00000000d5580000,0x00000000d6900000)
  from space 1024K, 0% used [0x00000000d6980000,0x00000000d6980000,0x00000000d6a80000)
  to   space 1024K, 0% used [0x00000000d6a80000,0x00000000d6a80000,0x00000000d6b80000)
 ParOldGen       total 68608K, used 39193K [0x0000000080000000, 0x0000000084300000, 0x00000000d5580000)
  object space 68608K, 57% used [0x0000000080000000,0x00000000826464b8,0x0000000084300000)
 Metaspace       used 58416K, committed 59776K, reserved 1114112K
  class space    used 6324K, committed 6912K, reserved 1048576K
}
Event: 9.423 GC heap before
{Heap before GC invocations=37 (full 3):
 PSYoungGen      total 20992K, used 19968K [0x00000000d5580000, 0x00000000d6b80000, 0x0000000100000000)
  eden space 19968K, 100% used [0x00000000d5580000,0x00000000d6900000,0x00000000d6900000)
  from space 1024K, 0% used [0x00000000d6980000,0x00000000d6980000,0x00000000d6a80000)
  to   space 1024K, 0% used [0x00000000d6a80000,0x00000000d6a80000,0x00000000d6b80000)
 ParOldGen       total 68608K, used 39193K [0x0000000080000000, 0x0000000084300000, 0x00000000d5580000)
  object space 68608K, 57% used [0x0000000080000000,0x00000000826464b8,0x0000000084300000)
 Metaspace       used 60771K, committed 62208K, reserved 1114112K
  class space    used 6562K, committed 7168K, reserved 1048576K
}
Event: 9.425 GC heap after
{Heap after GC invocations=37 (full 3):
 PSYoungGen      total 19968K, used 996K [0x00000000d5580000, 0x00000000d6e00000, 0x0000000100000000)
  eden space 18944K, 0% used [0x00000000d5580000,0x00000000d5580000,0x00000000d6800000)
  from space 1024K, 97% used [0x00000000d6a80000,0x00000000d6b79330,0x00000000d6b80000)
  to   space 2560K, 0% used [0x00000000d6800000,0x00000000d6800000,0x00000000d6a80000)
 ParOldGen       total 68608K, used 40412K [0x0000000080000000, 0x0000000084300000, 0x00000000d5580000)
  object space 68608K, 58% used [0x0000000080000000,0x00000000827770d0,0x0000000084300000)
 Metaspace       used 60771K, committed 62208K, reserved 1114112K
  class space    used 6562K, committed 7168K, reserved 1048576K
}
Event: 9.949 GC heap before
{Heap before GC invocations=38 (full 3):
 PSYoungGen      total 19968K, used 19940K [0x00000000d5580000, 0x00000000d6e00000, 0x0000000100000000)
  eden space 18944K, 100% used [0x00000000d5580000,0x00000000d6800000,0x00000000d6800000)
  from space 1024K, 97% used [0x00000000d6a80000,0x00000000d6b79330,0x00000000d6b80000)
  to   space 2560K, 0% used [0x00000000d6800000,0x00000000d6800000,0x00000000d6a80000)
 ParOldGen       total 68608K, used 40412K [0x0000000080000000, 0x0000000084300000, 0x00000000d5580000)
  object space 68608K, 58% used [0x0000000080000000,0x00000000827770d0,0x0000000084300000)
 Metaspace       used 61405K, committed 62848K, reserved 1114112K
  class space    used 6603K, committed 7232K, reserved 1048576K
}
Event: 9.953 GC heap after
{Heap after GC invocations=38 (full 3):
 PSYoungGen      total 21504K, used 2181K [0x00000000d5580000, 0x00000000d6d00000, 0x0000000100000000)
  eden space 18944K, 0% used [0x00000000d5580000,0x00000000d5580000,0x00000000d6800000)
  from space 2560K, 85% used [0x00000000d6800000,0x00000000d6a216f8,0x00000000d6a80000)
  to   space 2560K, 0% used [0x00000000d6a80000,0x00000000d6a80000,0x00000000d6d00000)
 ParOldGen       total 68608K, used 41435K [0x0000000080000000, 0x0000000084300000, 0x00000000d5580000)
  object space 68608K, 60% used [0x0000000080000000,0x0000000082876f58,0x0000000084300000)
 Metaspace       used 61405K, committed 62848K, reserved 1114112K
  class space    used 6603K, committed 7232K, reserved 1048576K
}
Event: 10.426 GC heap before
{Heap before GC invocations=39 (full 3):
 PSYoungGen      total 21504K, used 21115K [0x00000000d5580000, 0x00000000d6d00000, 0x0000000100000000)
  eden space 18944K, 99% used [0x00000000d5580000,0x00000000d67fd550,0x00000000d6800000)
  from space 2560K, 85% used [0x00000000d6800000,0x00000000d6a216f8,0x00000000d6a80000)
  to   space 2560K, 0% used [0x00000000d6a80000,0x00000000d6a80000,0x00000000d6d00000)
 ParOldGen       total 68608K, used 41435K [0x0000000080000000, 0x0000000084300000, 0x00000000d5580000)
  object space 68608K, 60% used [0x0000000080000000,0x0000000082876f58,0x0000000084300000)
 Metaspace       used 62130K, committed 63552K, reserved 1114112K
  class space    used 6650K, committed 7296K, reserved 1048576K
}
Event: 10.430 GC heap after
{Heap after GC invocations=39 (full 3):
 PSYoungGen      total 20992K, used 1609K [0x00000000d5580000, 0x00000000d6c80000, 0x0000000100000000)
  eden space 18944K, 0% used [0x00000000d5580000,0x00000000d5580000,0x00000000d6800000)
  from space 2048K, 78% used [0x00000000d6a80000,0x00000000d6c12420,0x00000000d6c80000)
  to   space 2048K, 0% used [0x00000000d6880000,0x00000000d6880000,0x00000000d6a80000)
 ParOldGen       total 68608K, used 43452K [0x0000000080000000, 0x0000000084300000, 0x00000000d5580000)
  object space 68608K, 63% used [0x0000000080000000,0x0000000082a6f178,0x0000000084300000)
 Metaspace       used 62130K, committed 63552K, reserved 1114112K
  class space    used 6650K, committed 7296K, reserved 1048576K
}
Event: 10.931 GC heap before
{Heap before GC invocations=40 (full 3):
 PSYoungGen      total 20992K, used 20553K [0x00000000d5580000, 0x00000000d6c80000, 0x0000000100000000)
  eden space 18944K, 100% used [0x00000000d5580000,0x00000000d6800000,0x00000000d6800000)
  from space 2048K, 78% used [0x00000000d6a80000,0x00000000d6c12420,0x00000000d6c80000)
  to   space 2048K, 0% used [0x00000000d6880000,0x00000000d6880000,0x00000000d6a80000)
 ParOldGen       total 68608K, used 43452K [0x0000000080000000, 0x0000000084300000, 0x00000000d5580000)
  object space 68608K, 63% used [0x0000000080000000,0x0000000082a6f178,0x0000000084300000)
 Metaspace       used 63106K, committed 64576K, reserved 1114112K
  class space    used 6728K, committed 7360K, reserved 1048576K
}
Event: 10.933 GC heap after
{Heap after GC invocations=40 (full 3):
 PSYoungGen      total 20480K, used 1533K [0x00000000d5580000, 0x00000000d6c00000, 0x0000000100000000)
  eden space 18944K, 0% used [0x00000000d5580000,0x00000000d5580000,0x00000000d6800000)
  from space 1536K, 99% used [0x00000000d6880000,0x00000000d69ff650,0x00000000d6a00000)
  to   space 2048K, 0% used [0x00000000d6a00000,0x00000000d6a00000,0x00000000d6c00000)
 ParOldGen       total 68608K, used 44439K [0x0000000080000000, 0x0000000084300000, 0x00000000d5580000)
  object space 68608K, 64% used [0x0000000080000000,0x0000000082b65fe0,0x0000000084300000)
 Metaspace       used 63106K, committed 64576K, reserved 1114112K
  class space    used 6728K, committed 7360K, reserved 1048576K
}
Event: 11.100 GC heap before
{Heap before GC invocations=41 (full 3):
 PSYoungGen      total 20480K, used 20477K [0x00000000d5580000, 0x00000000d6c00000, 0x0000000100000000)
  eden space 18944K, 99% used [0x00000000d5580000,0x00000000d67fff80,0x00000000d6800000)
  from space 1536K, 99% used [0x00000000d6880000,0x00000000d69ff650,0x00000000d6a00000)
  to   space 2048K, 0% used [0x00000000d6a00000,0x00000000d6a00000,0x00000000d6c00000)
 ParOldGen       total 68608K, used 44439K [0x0000000080000000, 0x0000000084300000, 0x00000000d5580000)
  object space 68608K, 64% used [0x0000000080000000,0x0000000082b65fe0,0x0000000084300000)
 Metaspace       used 63344K, committed 64768K, reserved 1114112K
  class space    used 6751K, committed 7360K, reserved 1048576K
}
Event: 11.102 GC heap after
{Heap after GC invocations=41 (full 3):
 PSYoungGen      total 19968K, used 623K [0x00000000d5580000, 0x00000000d6b00000, 0x0000000100000000)
  eden space 18944K, 0% used [0x00000000d5580000,0x00000000d5580000,0x00000000d6800000)
  from space 1024K, 60% used [0x00000000d6a00000,0x00000000d6a9be48,0x00000000d6b00000)
  to   space 1024K, 0% used [0x00000000d6900000,0x00000000d6900000,0x00000000d6a00000)
 ParOldGen       total 68608K, used 45470K [0x0000000080000000, 0x0000000084300000, 0x00000000d5580000)
  object space 68608K, 66% used [0x0000000080000000,0x0000000082c67b38,0x0000000084300000)
 Metaspace       used 63344K, committed 64768K, reserved 1114112K
  class space    used 6751K, committed 7360K, reserved 1048576K
}
Event: 11.409 GC heap before
{Heap before GC invocations=42 (full 3):
 PSYoungGen      total 19968K, used 19198K [0x00000000d5580000, 0x00000000d6b00000, 0x0000000100000000)
  eden space 18944K, 98% used [0x00000000d5580000,0x00000000d67a3c78,0x00000000d6800000)
  from space 1024K, 60% used [0x00000000d6a00000,0x00000000d6a9be48,0x00000000d6b00000)
  to   space 1024K, 0% used [0x00000000d6900000,0x00000000d6900000,0x00000000d6a00000)
 ParOldGen       total 68608K, used 45470K [0x0000000080000000, 0x0000000084300000, 0x00000000d5580000)
  object space 68608K, 66% used [0x0000000080000000,0x0000000082c67b38,0x0000000084300000)
 Metaspace       used 63752K, committed 65216K, reserved 1114112K
  class space    used 6784K, committed 7424K, reserved 1048576K
}
Event: 11.411 GC heap after
{Heap after GC invocations=42 (full 3):
 PSYoungGen      total 19968K, used 996K [0x00000000d5580000, 0x00000000d6c00000, 0x0000000100000000)
  eden space 18944K, 0% used [0x00000000d5580000,0x00000000d5580000,0x00000000d6800000)
  from space 1024K, 97% used [0x00000000d6900000,0x00000000d69f9190,0x00000000d6a00000)
  to   space 2048K, 0% used [0x00000000d6a00000,0x00000000d6a00000,0x00000000d6c00000)
 ParOldGen       total 68608K, used 46058K [0x0000000080000000, 0x0000000084300000, 0x00000000d5580000)
  object space 68608K, 67% used [0x0000000080000000,0x0000000082cfab60,0x0000000084300000)
 Metaspace       used 63752K, committed 65216K, reserved 1114112K
  class space    used 6784K, committed 7424K, reserved 1048576K
}
Event: 11.953 GC heap before
{Heap before GC invocations=43 (full 3):
 PSYoungGen      total 19968K, used 19939K [0x00000000d5580000, 0x00000000d6c00000, 0x0000000100000000)
  eden space 18944K, 99% used [0x00000000d5580000,0x00000000d67ffbf0,0x00000000d6800000)
  from space 1024K, 97% used [0x00000000d6900000,0x00000000d69f9190,0x00000000d6a00000)
  to   space 2048K, 0% used [0x00000000d6a00000,0x00000000d6a00000,0x00000000d6c00000)
 ParOldGen       total 68608K, used 46058K [0x0000000080000000, 0x0000000084300000, 0x00000000d5580000)
  object space 68608K, 67% used [0x0000000080000000,0x0000000082cfab60,0x0000000084300000)
 Metaspace       used 64587K, committed 66112K, reserved 1114112K
  class space    used 6853K, committed 7488K, reserved 1048576K
}
Event: 11.955 GC heap after
{Heap after GC invocations=43 (full 3):
 PSYoungGen      total 20992K, used 1518K [0x00000000d5580000, 0x00000000d6c00000, 0x0000000100000000)
  eden space 18944K, 0% used [0x00000000d5580000,0x00000000d5580000,0x00000000d6800000)
  from space 2048K, 74% used [0x00000000d6a00000,0x00000000d6b7b990,0x00000000d6c00000)
  to   space 2048K, 0% used [0x00000000d6800000,0x00000000d6800000,0x00000000d6a00000)
 ParOldGen       total 68608K, used 46962K [0x0000000080000000, 0x0000000084300000, 0x00000000d5580000)
  object space 68608K, 68% used [0x0000000080000000,0x0000000082ddcbc0,0x0000000084300000)
 Metaspace       used 64587K, committed 66112K, reserved 1114112K
  class space    used 6853K, committed 7488K, reserved 1048576K
}
Event: 13.019 GC heap before
{Heap before GC invocations=44 (full 3):
 PSYoungGen      total 20992K, used 20462K [0x00000000d5580000, 0x00000000d6c00000, 0x0000000100000000)
  eden space 18944K, 100% used [0x00000000d5580000,0x00000000d6800000,0x00000000d6800000)
  from space 2048K, 74% used [0x00000000d6a00000,0x00000000d6b7b990,0x00000000d6c00000)
  to   space 2048K, 0% used [0x00000000d6800000,0x00000000d6800000,0x00000000d6a00000)
 ParOldGen       total 68608K, used 46962K [0x0000000080000000, 0x0000000084300000, 0x00000000d5580000)
  object space 68608K, 68% used [0x0000000080000000,0x0000000082ddcbc0,0x0000000084300000)
 Metaspace       used 66127K, committed 67584K, reserved 1114112K
  class space    used 6981K, committed 7616K, reserved 1048576K
}
Event: 13.021 GC heap after
{Heap after GC invocations=44 (full 3):
 PSYoungGen      total 20480K, used 1520K [0x00000000d5580000, 0x00000000d6b00000, 0x0000000100000000)
  eden space 18944K, 0% used [0x00000000d5580000,0x00000000d5580000,0x00000000d6800000)
  from space 1536K, 98% used [0x00000000d6800000,0x00000000d697c030,0x00000000d6980000)
  to   space 1536K, 0% used [0x00000000d6980000,0x00000000d6980000,0x00000000d6b00000)
 ParOldGen       total 68608K, used 47766K [0x0000000080000000, 0x0000000084300000, 0x00000000d5580000)
  object space 68608K, 69% used [0x0000000080000000,0x0000000082ea5850,0x0000000084300000)
 Metaspace       used 66127K, committed 67584K, reserved 1114112K
  class space    used 6981K, committed 7616K, reserved 1048576K
}
Event: 307.221 GC heap before
{Heap before GC invocations=45 (full 3):
 PSYoungGen      total 20480K, used 20464K [0x00000000d5580000, 0x00000000d6b00000, 0x0000000100000000)
  eden space 18944K, 100% used [0x00000000d5580000,0x00000000d6800000,0x00000000d6800000)
  from space 1536K, 98% used [0x00000000d6800000,0x00000000d697c030,0x00000000d6980000)
  to   space 1536K, 0% used [0x00000000d6980000,0x00000000d6980000,0x00000000d6b00000)
 ParOldGen       total 68608K, used 47766K [0x0000000080000000, 0x0000000084300000, 0x00000000d5580000)
  object space 68608K, 69% used [0x0000000080000000,0x0000000082ea5850,0x0000000084300000)
 Metaspace       used 67264K, committed 68800K, reserved 1114112K
  class space    used 7083K, committed 7744K, reserved 1048576K
}
Event: 307.224 GC heap after
{Heap after GC invocations=45 (full 3):
 PSYoungGen      total 20480K, used 1183K [0x00000000d5580000, 0x00000000d6b00000, 0x0000000100000000)
  eden space 18944K, 0% used [0x00000000d5580000,0x00000000d5580000,0x00000000d6800000)
  from space 1536K, 77% used [0x00000000d6980000,0x00000000d6aa7c18,0x00000000d6b00000)
  to   space 1536K, 0% used [0x00000000d6800000,0x00000000d6800000,0x00000000d6980000)
 ParOldGen       total 68608K, used 49126K [0x0000000080000000, 0x0000000084300000, 0x00000000d5580000)
  object space 68608K, 71% used [0x0000000080000000,0x0000000082ff9ac8,0x0000000084300000)
 Metaspace       used 67264K, committed 68800K, reserved 1114112K
  class space    used 7083K, committed 7744K, reserved 1048576K
}

